2017-09-07 10:48:46,497 [AWT-EventQueue-0]  WARN org.hibernate.engine.jdbc.connections.internal.DriverManagerConnectionProviderImpl:93 - HHH000402: Using Hibernate built-in connection pool (not for production use!)
2017-09-07 10:48:48,991 [AWT-EventQueue-0] DEBUG org.hibernate.SQL:109 - 
    select
        usuario0_.id as id1_11_,
        usuario0_.nome as nome2_11_,
        usuario0_.login as login3_11_,
        usuario0_.senha as senha4_11_,
        usuario0_.situacao as situacao5_11_ 
    from
        public.usuario usuario0_ 
    where
        usuario0_.login='leandro' 
        and usuario0_.situacao='A'
2017-09-07 10:48:58,481 [AWT-EventQueue-0] DEBUG org.hibernate.SQL:109 - 
    select
        usuario0_.id as id1_11_,
        usuario0_.nome as nome2_11_,
        usuario0_.login as login3_11_,
        usuario0_.senha as senha4_11_,
        usuario0_.situacao as situacao5_11_ 
    from
        public.usuario usuario0_ 
    where
        (
            upper(usuario0_.login) like '%%' 
            or upper(usuario0_.nome) like '%%'
        ) 
        and usuario0_.situacao='A'
2017-09-07 10:49:00,247 [AWT-EventQueue-0] DEBUG org.hibernate.SQL:109 - 
    select
        usuario0_.id as id1_11_,
        usuario0_.nome as nome2_11_,
        usuario0_.login as login3_11_,
        usuario0_.senha as senha4_11_,
        usuario0_.situacao as situacao5_11_ 
    from
        public.usuario usuario0_ 
    where
        usuario0_.login='leandro' 
        and usuario0_.situacao='A'
2017-09-07 10:49:05,116 [AWT-EventQueue-0] DEBUG org.hibernate.SQL:109 - 
    select
        usuario0_.id as id1_11_,
        usuario0_.nome as nome2_11_,
        usuario0_.login as login3_11_,
        usuario0_.senha as senha4_11_,
        usuario0_.situacao as situacao5_11_ 
    from
        public.usuario usuario0_ 
    where
        usuario0_.login='leandro' 
        and usuario0_.situacao='A'
2017-09-07 10:49:05,220 [AWT-EventQueue-0] DEBUG org.hibernate.SQL:109 - 
    update
        public.usuario 
    set
        nome=?,
        login=?,
        senha=?,
        situacao=? 
    where
        id=?
2017-09-07 10:49:06,073 [AWT-EventQueue-0]  WARN org.hibernate.engine.jdbc.spi.SqlExceptionHelper:144 - SQL Error: 0, SQLState: 23502
2017-09-07 10:49:06,074 [AWT-EventQueue-0] ERROR org.hibernate.engine.jdbc.spi.SqlExceptionHelper:146 - ERROR: null value in column "id_usuario" violates not-null constraint
  Detalhe: Failing row contains (27, null, usuario, 2017-09-07 10:49:05.223719, U, UPDATE, "id"=>"2", "senha"=>"e10adc3949ba59abbe56e057f20f883e").
  Onde: SQL statement "INSERT INTO auditoria(
	id_usuario,
	tabela,
	tipo,
	ordem,
	campos)
	VALUES(
	fnPegaUsuarioSessao(),
	TG_TABLE_NAME,
	substr(TG_OP, 1, 1),
	'UPDATE',
	v_fields_old)"
PL/pgSQL function fnauditoria() line 71 at SQL statement
2017-09-07 10:49:21,541 [AWT-EventQueue-0]  WARN org.hibernate.engine.jdbc.spi.SqlExceptionHelper:144 - SQL Error: 0, SQLState: 25P02
2017-09-07 10:49:21,541 [AWT-EventQueue-0] ERROR org.hibernate.engine.jdbc.spi.SqlExceptionHelper:146 - ERROR: current transaction is aborted, commands ignored until end of transaction block
2017-09-07 10:49:27,914 [AWT-EventQueue-0] DEBUG org.hibernate.SQL:109 - 
    select
        usuario0_.id as id1_11_,
        usuario0_.nome as nome2_11_,
        usuario0_.login as login3_11_,
        usuario0_.senha as senha4_11_,
        usuario0_.situacao as situacao5_11_ 
    from
        public.usuario usuario0_ 
    where
        (
            upper(usuario0_.login) like '%%' 
            or upper(usuario0_.nome) like '%%'
        ) 
        and usuario0_.situacao='A'
2017-09-07 10:49:29,470 [AWT-EventQueue-0] DEBUG org.hibernate.SQL:109 - 
    select
        usuario0_.id as id1_11_,
        usuario0_.nome as nome2_11_,
        usuario0_.login as login3_11_,
        usuario0_.senha as senha4_11_,
        usuario0_.situacao as situacao5_11_ 
    from
        public.usuario usuario0_ 
    where
        usuario0_.login='leandro' 
        and usuario0_.situacao='A'
2017-09-07 10:49:30,503 [AWT-EventQueue-0] DEBUG org.hibernate.SQL:109 - 
    select
        usuario0_.id as id1_11_,
        usuario0_.nome as nome2_11_,
        usuario0_.login as login3_11_,
        usuario0_.senha as senha4_11_,
        usuario0_.situacao as situacao5_11_ 
    from
        public.usuario usuario0_ 
    where
        usuario0_.login='leandro' 
        and usuario0_.situacao='A'
2017-09-07 10:49:30,577 [AWT-EventQueue-0] DEBUG org.hibernate.SQL:109 - 
    update
        public.usuario 
    set
        nome=?,
        login=?,
        senha=?,
        situacao=? 
    where
        id=?
2017-09-07 10:49:30,703 [AWT-EventQueue-0]  WARN org.hibernate.engine.jdbc.spi.SqlExceptionHelper:144 - SQL Error: 0, SQLState: 23502
2017-09-07 10:49:30,705 [AWT-EventQueue-0] ERROR org.hibernate.engine.jdbc.spi.SqlExceptionHelper:146 - ERROR: null value in column "id_usuario" violates not-null constraint
  Detalhe: Failing row contains (28, null, usuario, 2017-09-07 10:49:30.585125, U, UPDATE, "id"=>"2", "senha"=>"e10adc3949ba59abbe56e057f20f883e").
  Onde: SQL statement "INSERT INTO auditoria(
	id_usuario,
	tabela,
	tipo,
	ordem,
	campos)
	VALUES(
	fnPegaUsuarioSessao(),
	TG_TABLE_NAME,
	substr(TG_OP, 1, 1),
	'UPDATE',
	v_fields_old)"
PL/pgSQL function fnauditoria() line 71 at SQL statement
2017-09-07 10:51:49,629 [AWT-EventQueue-0] DEBUG org.hibernate.SQL:109 - 
    select
        fase0_.id as id1_3_,
        fase0_.descricao as descrica2_3_,
        fase0_.situacao as situacao3_3_ 
    from
        public.fase fase0_ 
    where
        (
            upper(fase0_.descricao) like '%'
        ) 
        and fase0_.situacao='A' 
    order by
        fase0_.descricao
2017-09-07 10:51:49,631 [AWT-EventQueue-0]  WARN org.hibernate.engine.jdbc.spi.SqlExceptionHelper:144 - SQL Error: 0, SQLState: 25P02
2017-09-07 10:51:49,632 [AWT-EventQueue-0] ERROR org.hibernate.engine.jdbc.spi.SqlExceptionHelper:146 - ERROR: current transaction is aborted, commands ignored until end of transaction block
2017-09-07 10:51:53,315 [AWT-EventQueue-0] DEBUG org.hibernate.SQL:109 - 
    select
        fase0_.id as id1_3_,
        fase0_.descricao as descrica2_3_,
        fase0_.situacao as situacao3_3_ 
    from
        public.fase fase0_ 
    where
        (
            upper(fase0_.descricao) like 'ASDASD%'
        ) 
        and fase0_.situacao='A' 
    order by
        fase0_.descricao
2017-09-07 10:51:53,456 [AWT-EventQueue-0] DEBUG org.hibernate.SQL:109 - 
    insert 
    into
        public.fase
        (descricao, situacao) 
    values
        (?, ?)
2017-09-07 10:51:53,486 [AWT-EventQueue-0]  WARN org.hibernate.engine.jdbc.spi.SqlExceptionHelper:144 - SQL Error: 0, SQLState: 23502
2017-09-07 10:51:53,487 [AWT-EventQueue-0] ERROR org.hibernate.engine.jdbc.spi.SqlExceptionHelper:146 - ERROR: null value in column "id_usuario" violates not-null constraint
  Detalhe: Failing row contains (29, null, fase, 2017-09-07 10:51:53.458608, I, INSERT, "id"=>"7", "situacao"=>"A", "descricao"=>"asdasd").
  Onde: SQL statement "INSERT INTO auditoria(
	id_usuario,
	tabela,
	tipo,
	ordem,
	campos)
	VALUES(
	fnPegaUsuarioSessao(),
	TG_TABLE_NAME,
	substr(TG_OP, 1, 1),
	'INSERT',
	v_fields)"
PL/pgSQL function fnauditoria() line 56 at SQL statement
2017-09-07 10:56:34,749 [AWT-EventQueue-0]  WARN org.hibernate.internal.util.xml.DTDEntityResolver:75 - HHH000223: Recognized obsolete hibernate namespace http://hibernate.sourceforge.net/. Use namespace http://www.hibernate.org/dtd/ instead. Refer to Hibernate 3.6 Migration Guide!
2017-09-07 10:56:35,873 [AWT-EventQueue-0]  WARN org.hibernate.engine.jdbc.connections.internal.DriverManagerConnectionProviderImpl:93 - HHH000402: Using Hibernate built-in connection pool (not for production use!)
2017-09-07 10:56:37,710 [AWT-EventQueue-0] DEBUG org.hibernate.SQL:109 - 
    select
        usuario0_.id as id1_11_,
        usuario0_.nome as nome2_11_,
        usuario0_.login as login3_11_,
        usuario0_.senha as senha4_11_,
        usuario0_.situacao as situacao5_11_ 
    from
        public.usuario usuario0_ 
    where
        usuario0_.login='leandro' 
        and usuario0_.situacao='A'
2017-09-07 10:56:57,289 [AWT-EventQueue-0] DEBUG org.hibernate.SQL:109 - 
    select
        fase0_.id as id1_3_,
        fase0_.descricao as descrica2_3_,
        fase0_.situacao as situacao3_3_ 
    from
        public.fase fase0_ 
    where
        (
            upper(fase0_.descricao) like 'ADSASD%'
        ) 
        and fase0_.situacao='A' 
    order by
        fase0_.descricao
2017-09-07 10:56:57,366 [AWT-EventQueue-0] DEBUG org.hibernate.SQL:109 - 
    insert 
    into
        public.fase
        (descricao, situacao) 
    values
        (?, ?)
2017-09-07 10:57:05,632 [AWT-EventQueue-0] DEBUG org.hibernate.SQL:109 - 
    select
        projeto0_.id as id1_8_,
        projeto0_.descricao as descrica2_8_,
        projeto0_.situacao as situacao3_8_ 
    from
        public.projeto projeto0_ 
    where
        (
            upper(projeto0_.descricao) like 'ASDASDAS%'
        ) 
        and projeto0_.situacao='A' 
    order by
        projeto0_.descricao
2017-09-07 10:57:05,690 [AWT-EventQueue-0] DEBUG org.hibernate.SQL:109 - 
    insert 
    into
        public.projeto
        (descricao, situacao) 
    values
        (?, ?)
2017-09-07 10:57:07,602 [AWT-EventQueue-0] DEBUG org.hibernate.SQL:109 - 
    select
        projeto0_.id as id1_8_,
        projeto0_.descricao as descrica2_8_,
        projeto0_.situacao as situacao3_8_ 
    from
        public.projeto projeto0_ 
    where
        (
            upper(projeto0_.descricao) like '%'
        ) 
        and projeto0_.situacao='A' 
    order by
        projeto0_.descricao
